17:51:24.264 [main] INFO  testCases.TC_001_AccountRegistrationTest1 - *** Starting TC_001_AccountRegistrationTest1 ****
17:51:24.470 [main] INFO  testCases.TC_001_AccountRegistrationTest1 - Clicked on My account link
17:51:25.909 [main] INFO  testCases.TC_001_AccountRegistrationTest1 - Clicked on register link
17:51:25.918 [main] INFO  testCases.TC_001_AccountRegistrationTest1 - Providing customer data
17:51:34.129 [main] ERROR testCases.TC_001_AccountRegistrationTest1 - test failed
18:03:38.158 [main] DEBUG io.netty.util.internal.logging.InternalLoggerFactory - Using Log4J2 as the default logging framework
18:03:38.481 [main] DEBUG io.netty.util.ResourceLeakDetector - -Dio.netty.leakDetection.level: simple
18:03:38.481 [main] DEBUG io.netty.util.ResourceLeakDetector - -Dio.netty.leakDetection.targetRecords: 4
18:03:38.489 [main] DEBUG io.netty.util.ResourceLeakDetectorFactory - Loaded default ResourceLeakDetector: io.netty.util.ResourceLeakDetector@3c0fbd3a
18:03:38.524 [main] DEBUG io.netty.util.internal.PlatformDependent0 - -Dio.netty.noUnsafe: false
18:03:38.524 [main] DEBUG io.netty.util.internal.PlatformDependent0 - Java version: 19
18:03:38.526 [main] DEBUG io.netty.util.internal.PlatformDependent0 - sun.misc.Unsafe.theUnsafe: available
18:03:38.527 [main] DEBUG io.netty.util.internal.PlatformDependent0 - sun.misc.Unsafe.copyMemory: available
18:03:38.528 [main] DEBUG io.netty.util.internal.PlatformDependent0 - sun.misc.Unsafe.storeFence: available
18:03:38.529 [main] DEBUG io.netty.util.internal.PlatformDependent0 - java.nio.Buffer.address: available
18:03:38.531 [main] DEBUG io.netty.util.internal.PlatformDependent0 - direct buffer constructor: unavailable: Reflective setAccessible(true) disabled
18:03:38.532 [main] DEBUG io.netty.util.internal.PlatformDependent0 - java.nio.Bits.unaligned: available, true
18:03:38.534 [main] DEBUG io.netty.util.internal.PlatformDependent0 - jdk.internal.misc.Unsafe.allocateUninitializedArray(int): unavailable: class io.netty.util.internal.PlatformDependent0$7 cannot access class jdk.internal.misc.Unsafe (in module java.base) because module java.base does not export jdk.internal.misc to unnamed module @5f205aa
18:03:38.536 [main] DEBUG io.netty.util.internal.PlatformDependent0 - java.nio.DirectByteBuffer.<init>(long, int): unavailable
18:03:38.537 [main] DEBUG io.netty.util.internal.PlatformDependent - sun.misc.Unsafe: available
18:03:38.538 [main] DEBUG io.netty.util.internal.PlatformDependent - maxDirectMemory: 1040187392 bytes (maybe)
18:03:38.539 [main] DEBUG io.netty.util.internal.PlatformDependent - -Dio.netty.tmpdir: C:\Users\WIN10H~1\AppData\Local\Temp (java.io.tmpdir)
18:03:38.539 [main] DEBUG io.netty.util.internal.PlatformDependent - -Dio.netty.bitMode: 64 (sun.arch.data.model)
18:03:38.539 [main] DEBUG io.netty.util.internal.PlatformDependent - Platform: Windows
18:03:38.541 [main] DEBUG io.netty.util.internal.PlatformDependent - -Dio.netty.maxDirectMemory: -1 bytes
18:03:38.541 [main] DEBUG io.netty.util.internal.PlatformDependent - -Dio.netty.uninitializedArrayAllocationThreshold: -1
18:03:38.544 [main] DEBUG io.netty.util.internal.CleanerJava9 - java.nio.ByteBuffer.cleaner(): available
18:03:38.544 [main] DEBUG io.netty.util.internal.PlatformDependent - -Dio.netty.noPreferDirect: false
18:03:38.557 [main] DEBUG io.netty.util.internal.PlatformDependent - org.jctools-core.MpscChunkedArrayQueue: available
18:03:38.625 [main] DEBUG io.netty.util.internal.InternalThreadLocalMap - -Dio.netty.threadLocalMap.stringBuilder.initialSize: 1024
18:03:38.626 [main] DEBUG io.netty.util.internal.InternalThreadLocalMap - -Dio.netty.threadLocalMap.stringBuilder.maxSize: 4096
18:03:38.766 [main] DEBUG io.netty.handler.ssl.JdkSslContext - Default protocols (JDK): [TLSv1.3, TLSv1.2] 
18:03:38.766 [main] DEBUG io.netty.handler.ssl.JdkSslContext - Default cipher suites (JDK): [TLS_ECDHE_ECDSA_WITH_AES_256_GCM_SHA384, TLS_ECDHE_ECDSA_WITH_AES_128_GCM_SHA256, TLS_ECDHE_RSA_WITH_AES_128_GCM_SHA256, TLS_ECDHE_RSA_WITH_AES_256_GCM_SHA384, TLS_ECDHE_RSA_WITH_AES_128_CBC_SHA, TLS_ECDHE_RSA_WITH_AES_256_CBC_SHA, TLS_RSA_WITH_AES_128_GCM_SHA256, TLS_RSA_WITH_AES_128_CBC_SHA, TLS_RSA_WITH_AES_256_CBC_SHA, TLS_AES_128_GCM_SHA256, TLS_AES_256_GCM_SHA384]
18:03:38.814 [main] DEBUG io.netty.channel.MultithreadEventLoopGroup - -Dio.netty.eventLoopThreads: 8
18:03:38.830 [main] DEBUG io.netty.channel.nio.NioEventLoop - -Dio.netty.noKeySetOptimization: false
18:03:38.830 [main] DEBUG io.netty.channel.nio.NioEventLoop - -Dio.netty.selectorAutoRebuildThreshold: 512
18:03:38.901 [main] DEBUG io.netty.buffer.PooledByteBufAllocator - -Dio.netty.allocator.numHeapArenas: 8
18:03:38.902 [main] DEBUG io.netty.buffer.PooledByteBufAllocator - -Dio.netty.allocator.numDirectArenas: 8
18:03:38.902 [main] DEBUG io.netty.buffer.PooledByteBufAllocator - -Dio.netty.allocator.pageSize: 8192
18:03:38.902 [main] DEBUG io.netty.buffer.PooledByteBufAllocator - -Dio.netty.allocator.maxOrder: 9
18:03:38.902 [main] DEBUG io.netty.buffer.PooledByteBufAllocator - -Dio.netty.allocator.chunkSize: 4194304
18:03:38.902 [main] DEBUG io.netty.buffer.PooledByteBufAllocator - -Dio.netty.allocator.smallCacheSize: 256
18:03:38.902 [main] DEBUG io.netty.buffer.PooledByteBufAllocator - -Dio.netty.allocator.normalCacheSize: 64
18:03:38.902 [main] DEBUG io.netty.buffer.PooledByteBufAllocator - -Dio.netty.allocator.maxCachedBufferCapacity: 32768
18:03:38.903 [main] DEBUG io.netty.buffer.PooledByteBufAllocator - -Dio.netty.allocator.cacheTrimInterval: 8192
18:03:38.903 [main] DEBUG io.netty.buffer.PooledByteBufAllocator - -Dio.netty.allocator.cacheTrimIntervalMillis: 0
18:03:38.903 [main] DEBUG io.netty.buffer.PooledByteBufAllocator - -Dio.netty.allocator.useCacheForAllThreads: false
18:03:38.903 [main] DEBUG io.netty.buffer.PooledByteBufAllocator - -Dio.netty.allocator.maxCachedByteBuffersPerChunk: 1023
18:03:38.921 [main] DEBUG io.netty.buffer.ByteBufUtil - -Dio.netty.allocator.type: pooled
18:03:38.921 [main] DEBUG io.netty.buffer.ByteBufUtil - -Dio.netty.threadLocalDirectBufferSize: 0
18:03:38.921 [main] DEBUG io.netty.buffer.ByteBufUtil - -Dio.netty.maxThreadLocalCharBufferSize: 16384
18:03:40.131 [Forwarding newSession on session null to remote] DEBUG io.netty.channel.DefaultChannelId - -Dio.netty.processId: 12504 (auto-detected)
18:03:40.138 [Forwarding newSession on session null to remote] DEBUG io.netty.util.NetUtil - -Djava.net.preferIPv4Stack: false
18:03:40.139 [Forwarding newSession on session null to remote] DEBUG io.netty.util.NetUtil - -Djava.net.preferIPv6Addresses: false
18:03:40.163 [Forwarding newSession on session null to remote] DEBUG io.netty.util.NetUtilInitializations - Loopback interface: lo (Software Loopback Interface 1, 127.0.0.1)
18:03:40.165 [Forwarding newSession on session null to remote] DEBUG io.netty.util.NetUtil - Failed to get SOMAXCONN from sysctl and file \proc\sys\net\core\somaxconn. Default: 200
18:03:40.225 [Forwarding newSession on session null to remote] DEBUG io.netty.channel.DefaultChannelId - -Dio.netty.machineId: f8:2f:a8:ff:fe:ce:dd:bf (auto-detected)
18:03:40.399 [AsyncHttpClient-1-2] DEBUG io.netty.buffer.AbstractByteBuf - -Dio.netty.buffer.checkAccessible: true
18:03:40.400 [AsyncHttpClient-1-2] DEBUG io.netty.buffer.AbstractByteBuf - -Dio.netty.buffer.checkBounds: true
18:03:40.400 [AsyncHttpClient-1-2] DEBUG io.netty.util.ResourceLeakDetectorFactory - Loaded default ResourceLeakDetector: io.netty.util.ResourceLeakDetector@3650d763
18:03:40.453 [AsyncHttpClient-1-2] DEBUG io.netty.util.Recycler - -Dio.netty.recycler.maxCapacityPerThread: 4096
18:03:40.454 [AsyncHttpClient-1-2] DEBUG io.netty.util.Recycler - -Dio.netty.recycler.ratio: 8
18:03:40.455 [AsyncHttpClient-1-2] DEBUG io.netty.util.Recycler - -Dio.netty.recycler.chunkSize: 32
18:03:40.455 [AsyncHttpClient-1-2] DEBUG io.netty.util.Recycler - -Dio.netty.recycler.blocking: false
18:03:42.869 [AsyncHttpClient-1-2] DEBUG io.netty.handler.codec.compression.Brotli - brotli4j not in the classpath; Brotli support will be unavailable.
18:03:43.105 [main] DEBUG io.netty.util.internal.ThreadLocalRandom - -Dio.netty.initialSeedUniquifier: 0xf1b4e27962a7523e
18:03:46.157 [main] DEBUG testCases.TC_001_AccountRegistrationTest1 - application logs...... 
18:03:46.159 [main] INFO  testCases.TC_001_AccountRegistrationTest1 - *** Starting TC_001_AccountRegistrationTest1 ****
18:03:46.548 [main] INFO  testCases.TC_001_AccountRegistrationTest1 - Clicked on My account link
18:03:48.072 [main] INFO  testCases.TC_001_AccountRegistrationTest1 - Clicked on register link
18:03:48.095 [main] INFO  testCases.TC_001_AccountRegistrationTest1 - Providing customer data
18:03:57.438 [main] ERROR testCases.TC_001_AccountRegistrationTest1 - test failed
00:27:20.262 [main] INFO  testCases.TC_001_AccountRegistrationTest1 - *** Starting TC_001_AccountRegistrationTest1 ****
00:27:20.796 [main] INFO  testCases.TC_001_AccountRegistrationTest1 - Clicked on My account link
00:27:22.839 [main] INFO  testCases.TC_001_AccountRegistrationTest1 - Clicked on register link
00:27:22.886 [main] INFO  testCases.TC_001_AccountRegistrationTest1 - Providing customer data
00:27:33.906 [main] ERROR testCases.TC_001_AccountRegistrationTest1 - test failed
00:47:00.473 [main] INFO  testCases.TC_001_AccountRegistrationTest1 - *** Starting TC_001_AccountRegistrationTest1 ****
00:47:00.981 [main] INFO  testCases.TC_001_AccountRegistrationTest1 - Clicked on My account link
00:47:03.359 [main] INFO  testCases.TC_001_AccountRegistrationTest1 - Clicked on register link
00:47:03.377 [main] INFO  testCases.TC_001_AccountRegistrationTest1 - Providing customer data
00:47:08.992 [main] ERROR testCases.TC_001_AccountRegistrationTest1 - test failed
00:47:51.111 [main] INFO  testCases.TC_001_AccountRegistrationTest1 - *** Starting TC_001_AccountRegistrationTest1 ****
00:47:51.416 [main] INFO  testCases.TC_001_AccountRegistrationTest1 - Clicked on My account link
00:47:52.225 [main] INFO  testCases.TC_001_AccountRegistrationTest1 - Clicked on register link
00:47:52.272 [main] INFO  testCases.TC_001_AccountRegistrationTest1 - Providing customer data
00:47:58.500 [main] ERROR testCases.TC_001_AccountRegistrationTest1 - test failed
00:49:17.176 [main] INFO  testCases.TC_001_AccountRegistrationTest1 - *** Starting TC_001_AccountRegistrationTest1 ****
00:49:17.528 [main] INFO  testCases.TC_001_AccountRegistrationTest1 - Clicked on My account link
00:49:19.223 [main] INFO  testCases.TC_001_AccountRegistrationTest1 - Clicked on register link
00:49:19.234 [main] INFO  testCases.TC_001_AccountRegistrationTest1 - Providing customer data
00:49:25.448 [main] ERROR testCases.TC_001_AccountRegistrationTest1 - test failed
01:00:04.789 [TestNG-tests-2] INFO  testCases.TC_001_AccountRegistrationTest1 - *** Starting TC_001_AccountRegistrationTest1 ****
01:00:05.110 [TestNG-tests-1] INFO  testCases.TC_001_AccountRegistrationTest1 - *** Starting TC_001_AccountRegistrationTest1 ****
01:00:05.606 [TestNG-tests-1] INFO  testCases.TC_001_AccountRegistrationTest1 - Clicked on My account link
01:00:07.312 [TestNG-tests-2] INFO  testCases.TC_001_AccountRegistrationTest1 - Clicked on My account link
01:00:08.527 [TestNG-tests-1] INFO  testCases.TC_001_AccountRegistrationTest1 - Clicked on register link
01:00:08.604 [TestNG-tests-1] INFO  testCases.TC_001_AccountRegistrationTest1 - Providing customer data
01:00:09.508 [TestNG-tests-2] INFO  testCases.TC_001_AccountRegistrationTest1 - Clicked on register link
01:00:09.517 [TestNG-tests-2] INFO  testCases.TC_001_AccountRegistrationTest1 - Providing customer data
01:00:14.872 [TestNG-tests-1] ERROR testCases.TC_001_AccountRegistrationTest1 - test failed
01:00:17.157 [TestNG-tests-2] ERROR testCases.TC_001_AccountRegistrationTest1 - test failed
01:00:55.901 [main] INFO  testCases.TC_001_AccountRegistrationTest1 - *** Starting TC_001_AccountRegistrationTest1 ****
01:00:56.186 [main] INFO  testCases.TC_001_AccountRegistrationTest1 - Clicked on My account link
01:00:57.124 [main] INFO  testCases.TC_001_AccountRegistrationTest1 - Clicked on register link
01:00:57.154 [main] INFO  testCases.TC_001_AccountRegistrationTest1 - Providing customer data
01:01:08.070 [main] ERROR testCases.TC_001_AccountRegistrationTest1 - test failed
01:01:17.408 [main] INFO  testCases.TC_001_AccountRegistrationTest1 - *** Starting TC_001_AccountRegistrationTest1 ****
01:01:17.631 [main] INFO  testCases.TC_001_AccountRegistrationTest1 - Clicked on My account link
01:01:18.813 [main] INFO  testCases.TC_001_AccountRegistrationTest1 - Clicked on register link
01:01:18.815 [main] INFO  testCases.TC_001_AccountRegistrationTest1 - Providing customer data
01:01:23.354 [main] ERROR testCases.TC_001_AccountRegistrationTest1 - test failed
